<?xml version="1.0" encoding="UTF-8"?>
<!-- Generated by org.testng.reporters.JUnitReportReporter -->
<testsuite hostname="DESKTOP-J9EO0C6" failures="0" tests="1" name="com.ecom.flipkart.CartTest.ProductAddToCartTest" time="131.552" errors="0" timestamp="2022-09-20T14:03:47 IST" skipped="0">
  <testcase classname="com.ecom.flipkart.CartTest.ProductAddToCartTest" name="addToCartWinterHeaterTest" time="131.552"/>
  <system-out/>
</testsuite> <!-- com.ecom.flipkart.CartTest.ProductAddToCartTest -->
